<?xml version="1.0" encoding="UTF-8"?>
<testng-results skipped="0" failed="0" total="1" passed="1">
  <reporter-output>
  </reporter-output>
  <suite name="Default suite" duration-ms="17119" started-at="2019-12-16T07:52:52Z" finished-at="2019-12-16T07:53:09Z">
    <groups>
    </groups>
    <test name="Default test" duration-ms="17119" started-at="2019-12-16T07:52:52Z" finished-at="2019-12-16T07:53:09Z">
      <class name="com.qa.test.HomePage">
        <test-method status="PASS" signature="basicPageNavigation()[pri:0, instance:com.qa.test.HomePage@5f375618]" name="basicPageNavigation" duration-ms="17099" started-at="2019-12-15T23:52:52Z" finished-at="2019-12-15T23:53:09Z">
          <reporter-output>
          </reporter-output>
        </test-method> <!-- basicPageNavigation -->
      </class> <!-- com.qa.test.HomePage -->
    </test> <!-- Default test -->
  </suite> <!-- Default suite -->
</testng-results>
