<?xml version="1.0" encoding="UTF-8"?>
<testng-results skipped="0" failed="0" total="1" passed="1">
  <reporter-output>
  </reporter-output>
  <suite name="Default suite" duration-ms="10656" started-at="2019-09-20T05:43:57Z" finished-at="2019-09-20T05:44:07Z">
    <groups>
    </groups>
    <test name="Default test" duration-ms="10656" started-at="2019-09-20T05:43:57Z" finished-at="2019-09-20T05:44:07Z">
      <class name="com.qa.test.HomePage">
        <test-method status="PASS" signature="basicPageNavigation()[pri:0, instance:com.qa.test.HomePage@50c87b21]" name="basicPageNavigation" duration-ms="10635" started-at="2019-09-19T21:43:57Z" finished-at="2019-09-19T21:44:07Z">
          <reporter-output>
          </reporter-output>
        </test-method> <!-- basicPageNavigation -->
      </class> <!-- com.qa.test.HomePage -->
    </test> <!-- Default test -->
  </suite> <!-- Default suite -->
</testng-results>
